c:\users\ian\documents\binsougames\shadhorimn\shadhorimn\debug\vc140.pdb
c:\users\ian\documents\binsougames\shadhorimn\shadhorimn\debug\vc140.idb
c:\users\ian\documents\binsougames\shadhorimn\shadhorimn\debug\creature.obj
c:\users\ian\documents\binsougames\shadhorimn\shadhorimn\debug\drone.obj
c:\users\ian\documents\binsougames\shadhorimn\shadhorimn\debug\inputhandler.obj
c:\users\ian\documents\binsougames\shadhorimn\shadhorimn\debug\main.obj
c:\users\ian\documents\binsougames\shadhorimn\shadhorimn\debug\platform.obj
c:\users\ian\documents\binsougames\shadhorimn\shadhorimn\debug\playercharacter.obj
c:\users\ian\documents\binsougames\shadhorimn\shadhorimn\debug\rigidbody.obj
c:\users\ian\documents\binsougames\shadhorimn\shadhorimn\debug\world.obj
c:\users\ian\documents\binsougames\shadhorimn\debug\shadhorimn.pdb
c:\users\ian\documents\binsougames\shadhorimn\shadhorimn\debug\shadhorimn.tlog\cl.command.1.tlog
c:\users\ian\documents\binsougames\shadhorimn\shadhorimn\debug\shadhorimn.tlog\cl.read.1.tlog
c:\users\ian\documents\binsougames\shadhorimn\shadhorimn\debug\shadhorimn.tlog\cl.write.1.tlog
c:\users\ian\documents\binsougames\shadhorimn\shadhorimn\debug\shadhorimn.tlog\link-cvtres.read.1.tlog
c:\users\ian\documents\binsougames\shadhorimn\shadhorimn\debug\shadhorimn.tlog\link-cvtres.write.1.tlog
c:\users\ian\documents\binsougames\shadhorimn\shadhorimn\debug\shadhorimn.tlog\link-rc.read.1.tlog
c:\users\ian\documents\binsougames\shadhorimn\shadhorimn\debug\shadhorimn.tlog\link-rc.write.1.tlog
c:\users\ian\documents\binsougames\shadhorimn\shadhorimn\debug\shadhorimn.tlog\link.command.1.tlog
c:\users\ian\documents\binsougames\shadhorimn\shadhorimn\debug\shadhorimn.tlog\link.read.1.tlog
c:\users\ian\documents\binsougames\shadhorimn\shadhorimn\debug\shadhorimn.tlog\link.write.1.tlog
